--------------------------------------------------------------------------------
Release 14.7 Trace  (lin64)
Copyright (c) 1995-2013 Xilinx, Inc.  All rights reserved.

/opt/Xilinx/14.7/ISE_DS/ISE/bin/lin64/unwrapped/trce -intstyle ise -v 3 -s 4 -n
3 -fastpaths -xml main_block.twx main_block.ncd -o main_block.twr
main_block.pcf -ucf proje_ucf.ucf

Design file:              main_block.ncd
Physical constraint file: main_block.pcf
Device,package,speed:     xc3s100e,cp132,-4 (PRODUCTION 1.27 2013-10-13)
Report level:             verbose report

Environment Variable      Effect 
--------------------      ------ 
NONE                      No environment variables were set
--------------------------------------------------------------------------------

INFO:Timing:2698 - No timing constraints found, doing default enumeration.
INFO:Timing:3412 - To improve timing, see the Timing Closure User Guide (UG612).
INFO:Timing:2752 - To get complete path coverage, use the unconstrained paths 
   option. All paths that are not constrained will be reported in the 
   unconstrained paths section(s) of the report.
INFO:Timing:3339 - The clock-to-out numbers in this timing report are based on 
   a 50 Ohm transmission line loading model.  For the details of this model, 
   and for more information on accounting for different loading conditions, 
   please see the device datasheet.
INFO:Timing:3390 - This architecture does not support a default System Jitter 
   value, please add SYSTEM_JITTER constraint to the UCF to modify the Clock 
   Uncertainty calculation.
INFO:Timing:3389 - This architecture does not support 'Discrete Jitter' and 
   'Phase Error' calculations, these terms will be zero in the Clock 
   Uncertainty calculation.  Please make appropriate modification to 
   SYSTEM_JITTER to account for the unsupported Discrete Jitter and Phase 
   Error.



Data Sheet report:
-----------------
All values displayed in nanoseconds (ns)

Clock button<0> to Pad
-------------+------------+------------------+--------+
             | clk (edge) |                  | Clock  |
Destination  |   to PAD   |Internal Clock(s) | Phase  |
-------------+------------+------------------+--------+
scoretemp0<0>|    8.292(R)|button_0_IBUF     |   0.000|
scoretemp0<1>|    7.789(R)|button_0_IBUF     |   0.000|
scoretemp0<2>|    7.802(R)|button_0_IBUF     |   0.000|
scoretemp0<3>|    7.799(R)|button_0_IBUF     |   0.000|
-------------+------------+------------------+--------+

Clock button<1> to Pad
-------------+------------+------------------+--------+
             | clk (edge) |                  | Clock  |
Destination  |   to PAD   |Internal Clock(s) | Phase  |
-------------+------------+------------------+--------+
scoretemp1<0>|    7.946(R)|button_1_IBUF     |   0.000|
scoretemp1<1>|    8.152(R)|button_1_IBUF     |   0.000|
scoretemp1<2>|    8.782(R)|button_1_IBUF     |   0.000|
scoretemp1<3>|    8.542(R)|button_1_IBUF     |   0.000|
-------------+------------+------------------+--------+

Clock button<2> to Pad
-------------+------------+------------------+--------+
             | clk (edge) |                  | Clock  |
Destination  |   to PAD   |Internal Clock(s) | Phase  |
-------------+------------+------------------+--------+
scoretemp2<0>|    9.338(R)|button_2_IBUF     |   0.000|
scoretemp2<1>|    9.816(R)|button_2_IBUF     |   0.000|
scoretemp2<2>|    8.883(R)|button_2_IBUF     |   0.000|
scoretemp2<3>|    8.900(R)|button_2_IBUF     |   0.000|
-------------+------------+------------------+--------+

Clock button<3> to Pad
-------------+------------+------------------+--------+
             | clk (edge) |                  | Clock  |
Destination  |   to PAD   |Internal Clock(s) | Phase  |
-------------+------------+------------------+--------+
scoretemp3<0>|   10.569(R)|button_3_IBUF     |   0.000|
scoretemp3<1>|   10.630(R)|button_3_IBUF     |   0.000|
scoretemp3<2>|   10.772(R)|button_3_IBUF     |   0.000|
scoretemp3<3>|   10.491(R)|button_3_IBUF     |   0.000|
-------------+------------+------------------+--------+

Clock to Setup on destination clock button<0>
---------------+---------+---------+---------+---------+
               | Src:Rise| Src:Fall| Src:Rise| Src:Fall|
Source Clock   |Dest:Rise|Dest:Rise|Dest:Fall|Dest:Fall|
---------------+---------+---------+---------+---------+
button<0>      |    2.928|    2.187|         |         |
---------------+---------+---------+---------+---------+

Clock to Setup on destination clock button<1>
---------------+---------+---------+---------+---------+
               | Src:Rise| Src:Fall| Src:Rise| Src:Fall|
Source Clock   |Dest:Rise|Dest:Rise|Dest:Fall|Dest:Fall|
---------------+---------+---------+---------+---------+
button<1>      |    2.980|    1.589|         |         |
---------------+---------+---------+---------+---------+

Clock to Setup on destination clock button<2>
---------------+---------+---------+---------+---------+
               | Src:Rise| Src:Fall| Src:Rise| Src:Fall|
Source Clock   |Dest:Rise|Dest:Rise|Dest:Fall|Dest:Fall|
---------------+---------+---------+---------+---------+
button<2>      |    3.029|    0.992|         |         |
---------------+---------+---------+---------+---------+

Clock to Setup on destination clock button<3>
---------------+---------+---------+---------+---------+
               | Src:Rise| Src:Fall| Src:Rise| Src:Fall|
Source Clock   |Dest:Rise|Dest:Rise|Dest:Fall|Dest:Fall|
---------------+---------+---------+---------+---------+
button<3>      |    2.880|   -0.719|         |         |
---------------+---------+---------+---------+---------+

Clock to Setup on destination clock clk
---------------+---------+---------+---------+---------+
               | Src:Rise| Src:Fall| Src:Rise| Src:Fall|
Source Clock   |Dest:Rise|Dest:Rise|Dest:Fall|Dest:Fall|
---------------+---------+---------+---------+---------+
button<0>      |    9.406|         |         |         |
button<1>      |    8.458|         |         |         |
button<2>      |    9.599|         |         |         |
button<3>      |   10.429|         |         |         |
clk            |    5.168|         |         |         |
---------------+---------+---------+---------+---------+


Analysis completed Sun Jan 22 21:14:34 2023 
--------------------------------------------------------------------------------

Trace Settings:
-------------------------
Trace Settings 

Peak Memory Usage: 336 MB



